# JRE version: OpenJDK Runtime Environment Temurin-17.0.5+8 (17.0.5+8) (build 17.0.5+8)
# Java VM: OpenJDK 64-Bit Server VM Temurin-17.0.5+8 (17.0.5+8, mixed mode, emulated-client, tiered, compressed oops, compressed class ptrs, g1 gc, windows-amd64)
GC Precious Log:
 CPUs: 8 total, 8 available
 Memory: 7957M
 Large Page Support: Disabled
 NUMA Support: Disabled
 Compressed Oops: Enabled (32-bit)
 Heap Region Size: 1M
 Heap Min Capacity: 8M
 Heap Initial Capacity: 126M
 Heap Max Capacity: 1G
 Pre-touch: Disabled
 Parallel Workers: 8
 Concurrent Workers: 2
 Concurrent Refinement Workers: 8
 Periodic GC: Disabled
Heap:
 garbage-first heap   total 237568K, used 155554K [0x00000000c0000000, 0x0000000100000000)
  region size 1024K, 34 young (34816K), 10 survivors (10240K)
 Metaspace       used 70046K, committed 70528K, reserved 1114112K
  class space    used 9470K, committed 9728K, reserved 1048576K
GC Heap History (20 events):
Event: 5732.282 GC heap before
{Heap before GC invocations=556 (full 485):
 garbage-first heap   total 237568K, used 78778K [0x00000000c0000000, 0x0000000100000000)
  region size 1024K, 2 young (2048K), 0 survivors (0K)
 Metaspace       used 70042K, committed 70528K, reserved 1114112K
  class space    used 9469K, committed 9728K, reserved 1048576K
}
Event: 5732.343 GC heap after
{Heap after GC invocations=557 (full 486):
 garbage-first heap   total 237568K, used 77759K [0x00000000c0000000, 0x0000000100000000)
  region size 1024K, 0 young (0K), 0 survivors (0K)
 Metaspace       used 70042K, committed 70528K, reserved 1114112K
  class space    used 9469K, committed 9728K, reserved 1048576K
}
Event: 5742.501 GC heap before
{Heap before GC invocations=557 (full 486):
 garbage-first heap   total 237568K, used 77759K [0x00000000c0000000, 0x0000000100000000)
  region size 1024K, 1 young (1024K), 0 survivors (0K)
 Metaspace       used 70042K, committed 70528K, reserved 1114112K
  class space    used 9469K, committed 9728K, reserved 1048576K
}
Event: 5742.557 GC heap after
{Heap after GC invocations=558 (full 487):
 garbage-first heap   total 237568K, used 77759K [0x00000000c0000000, 0x0000000100000000)
  region size 1024K, 0 young (0K), 0 survivors (0K)
 Metaspace       used 70042K, committed 70528K, reserved 1114112K
  class space    used 9469K, committed 9728K, reserved 1048576K
}
Event: 5752.713 GC heap before
{Heap before GC invocations=558 (full 487):
 garbage-first heap   total 237568K, used 77759K [0x00000000c0000000, 0x0000000100000000)
  region size 1024K, 1 young (1024K), 0 survivors (0K)
 Metaspace       used 70042K, committed 70528K, reserved 1114112K
  class space    used 9469K, committed 9728K, reserved 1048576K
}
Event: 5752.766 GC heap after
{Heap after GC invocations=559 (full 488):
 garbage-first heap   total 237568K, used 77759K [0x00000000c0000000, 0x0000000100000000)
  region size 1024K, 0 young (0K), 0 survivors (0K)
 Metaspace       used 70042K, committed 70528K, reserved 1114112K
  class space    used 9469K, committed 9728K, reserved 1048576K
}
Event: 5762.926 GC heap before
{Heap before GC invocations=559 (full 488):
 garbage-first heap   total 237568K, used 77759K [0x00000000c0000000, 0x0000000100000000)
  region size 1024K, 1 young (1024K), 0 survivors (0K)
 Metaspace       used 70042K, committed 70528K, reserved 1114112K
  class space    used 9469K, committed 9728K, reserved 1048576K
}
Event: 5762.976 GC heap after
{Heap after GC invocations=560 (full 489):
 garbage-first heap   total 237568K, used 77756K [0x00000000c0000000, 0x0000000100000000)
  region size 1024K, 0 young (0K), 0 survivors (0K)
 Metaspace       used 70042K, committed 70528K, reserved 1114112K
  class space    used 9469K, committed 9728K, reserved 1048576K
}
Event: 5773.133 GC heap before
{Heap before GC invocations=560 (full 489):
 garbage-first heap   total 237568K, used 77756K [0x00000000c0000000, 0x0000000100000000)
  region size 1024K, 1 young (1024K), 0 survivors (0K)
 Metaspace       used 70042K, committed 70528K, reserved 1114112K
  class space    used 9469K, committed 9728K, reserved 1048576K
}
Event: 5773.187 GC heap after
{Heap after GC invocations=561 (full 490):
 garbage-first heap   total 237568K, used 77756K [0x00000000c0000000, 0x0000000100000000)
  region size 1024K, 0 young (0K), 0 survivors (0K)
 Metaspace       used 70042K, committed 70528K, reserved 1114112K
  class space    used 9469K, committed 9728K, reserved 1048576K
}
Event: 5783.363 GC heap before
{Heap before GC invocations=561 (full 490):
 garbage-first heap   total 237568K, used 77756K [0x00000000c0000000, 0x0000000100000000)
  region size 1024K, 1 young (1024K), 0 survivors (0K)
 Metaspace       used 70042K, committed 70528K, reserved 1114112K
  class space    used 9469K, committed 9728K, reserved 1048576K
}
Event: 5783.427 GC heap after
{Heap after GC invocations=562 (full 491):
 garbage-first heap   total 237568K, used 77756K [0x00000000c0000000, 0x0000000100000000)
  region size 1024K, 0 young (0K), 0 survivors (0K)
 Metaspace       used 70042K, committed 70528K, reserved 1114112K
  class space    used 9469K, committed 9728K, reserved 1048576K
}
Event: 5823.667 GC heap before
{Heap before GC invocations=562 (full 491):
 garbage-first heap   total 237568K, used 78780K [0x00000000c0000000, 0x0000000100000000)
  region size 1024K, 2 young (2048K), 0 survivors (0K)
 Metaspace       used 70043K, committed 70528K, reserved 1114112K
  class space    used 9469K, committed 9728K, reserved 1048576K
}
Event: 5823.721 GC heap after
{Heap after GC invocations=563 (full 492):
 garbage-first heap   total 237568K, used 77756K [0x00000000c0000000, 0x0000000100000000)
  region size 1024K, 0 young (0K), 0 survivors (0K)
 Metaspace       used 70043K, committed 70528K, reserved 1114112K
  class space    used 9469K, committed 9728K, reserved 1048576K
}
Event: 5840.570 GC heap before
{Heap before GC invocations=563 (full 492):
 garbage-first heap   total 237568K, used 192444K [0x00000000c0000000, 0x0000000100000000)
  region size 1024K, 112 young (114688K), 0 survivors (0K)
 Metaspace       used 70046K, committed 70528K, reserved 1114112K
  class space    used 9470K, committed 9728K, reserved 1048576K
}
Event: 5840.617 GC heap after
{Heap after GC invocations=564 (full 492):
 garbage-first heap   total 237568K, used 103783K [0x00000000c0000000, 0x0000000100000000)
  region size 1024K, 14 young (14336K), 14 survivors (14336K)
 Metaspace       used 70046K, committed 70528K, reserved 1114112K
  class space    used 9470K, committed 9728K, reserved 1048576K
}
Event: 5840.940 GC heap before
{Heap before GC invocations=564 (full 492):
 garbage-first heap   total 237568K, used 185703K [0x00000000c0000000, 0x0000000100000000)
  region size 1024K, 89 young (91136K), 14 survivors (14336K)
 Metaspace       used 70046K, committed 70528K, reserved 1114112K
  class space    used 9470K, committed 9728K, reserved 1048576K
}
Event: 5840.969 GC heap after
{Heap after GC invocations=565 (full 492):
 garbage-first heap   total 237568K, used 120379K [0x00000000c0000000, 0x0000000100000000)
  region size 1024K, 12 young (12288K), 12 survivors (12288K)
 Metaspace       used 70046K, committed 70528K, reserved 1114112K
  class space    used 9470K, committed 9728K, reserved 1048576K
}
Event: 5841.236 GC heap before
{Heap before GC invocations=565 (full 492):
 garbage-first heap   total 237568K, used 184891K [0x00000000c0000000, 0x0000000100000000)
  region size 1024K, 76 young (77824K), 12 survivors (12288K)
 Metaspace       used 70046K, committed 70528K, reserved 1114112K
  class space    used 9470K, committed 9728K, reserved 1048576K
}
Event: 5841.256 GC heap after
{Heap after GC invocations=566 (full 492):
 garbage-first heap   total 237568K, used 132002K [0x00000000c0000000, 0x0000000100000000)
  region size 1024K, 10 young (10240K), 10 survivors (10240K)
 Metaspace       used 70046K, committed 70528K, reserved 1114112K
  class space    used 9470K, committed 9728K, reserved 1048576K
}

